CRITICAL - 2023-11-09 00:02:44 --> syntax error, unexpected variable "$routes"
in APPPATH\Config\Routes.php on line 25.
 1 SYSTEMPATH\CodeIgniter.php(787): CodeIgniter\Router\RouteCollection->loadRoutes()
 2 SYSTEMPATH\CodeIgniter.php(442): CodeIgniter\CodeIgniter->tryToRouteIt(null)
 3 SYSTEMPATH\CodeIgniter.php(353): CodeIgniter\CodeIgniter->handleRequest(null, Object(Config\Cache), false)
 4 FCPATH\index.php(79): CodeIgniter\CodeIgniter->run()
CRITICAL - 2023-11-09 00:03:08 --> syntax error, unexpected variable "$routes"
in APPPATH\Config\Routes.php on line 25.
 1 SYSTEMPATH\CodeIgniter.php(787): CodeIgniter\Router\RouteCollection->loadRoutes()
 2 SYSTEMPATH\CodeIgniter.php(442): CodeIgniter\CodeIgniter->tryToRouteIt(null)
 3 SYSTEMPATH\CodeIgniter.php(353): CodeIgniter\CodeIgniter->handleRequest(null, Object(Config\Cache), false)
 4 FCPATH\index.php(79): CodeIgniter\CodeIgniter->run()
CRITICAL - 2023-11-09 00:03:10 --> syntax error, unexpected variable "$routes"
in APPPATH\Config\Routes.php on line 25.
 1 SYSTEMPATH\CodeIgniter.php(787): CodeIgniter\Router\RouteCollection->loadRoutes()
 2 SYSTEMPATH\CodeIgniter.php(442): CodeIgniter\CodeIgniter->tryToRouteIt(null)
 3 SYSTEMPATH\CodeIgniter.php(353): CodeIgniter\CodeIgniter->handleRequest(null, Object(Config\Cache), false)
 4 FCPATH\index.php(79): CodeIgniter\CodeIgniter->run()
CRITICAL - 2023-11-09 00:03:16 --> syntax error, unexpected variable "$routes"
in APPPATH\Config\Routes.php on line 25.
 1 SYSTEMPATH\CodeIgniter.php(787): CodeIgniter\Router\RouteCollection->loadRoutes()
 2 SYSTEMPATH\CodeIgniter.php(442): CodeIgniter\CodeIgniter->tryToRouteIt(null)
 3 SYSTEMPATH\CodeIgniter.php(353): CodeIgniter\CodeIgniter->handleRequest(null, Object(Config\Cache), false)
 4 FCPATH\index.php(79): CodeIgniter\CodeIgniter->run()
CRITICAL - 2023-11-09 00:03:18 --> syntax error, unexpected variable "$routes"
in APPPATH\Config\Routes.php on line 25.
 1 SYSTEMPATH\CodeIgniter.php(787): CodeIgniter\Router\RouteCollection->loadRoutes()
 2 SYSTEMPATH\CodeIgniter.php(442): CodeIgniter\CodeIgniter->tryToRouteIt(null)
 3 SYSTEMPATH\CodeIgniter.php(353): CodeIgniter\CodeIgniter->handleRequest(null, Object(Config\Cache), false)
 4 FCPATH\index.php(79): CodeIgniter\CodeIgniter->run()
CRITICAL - 2023-11-09 00:03:19 --> syntax error, unexpected variable "$routes"
in APPPATH\Config\Routes.php on line 25.
 1 SYSTEMPATH\CodeIgniter.php(787): CodeIgniter\Router\RouteCollection->loadRoutes()
 2 SYSTEMPATH\CodeIgniter.php(442): CodeIgniter\CodeIgniter->tryToRouteIt(null)
 3 SYSTEMPATH\CodeIgniter.php(353): CodeIgniter\CodeIgniter->handleRequest(null, Object(Config\Cache), false)
 4 FCPATH\index.php(79): CodeIgniter\CodeIgniter->run()
CRITICAL - 2023-11-09 00:04:58 --> syntax error, unexpected variable "$routes"
in APPPATH\Config\Routes.php on line 25.
 1 SYSTEMPATH\CodeIgniter.php(787): CodeIgniter\Router\RouteCollection->loadRoutes()
 2 SYSTEMPATH\CodeIgniter.php(442): CodeIgniter\CodeIgniter->tryToRouteIt(null)
 3 SYSTEMPATH\CodeIgniter.php(353): CodeIgniter\CodeIgniter->handleRequest(null, Object(Config\Cache), false)
 4 FCPATH\index.php(79): CodeIgniter\CodeIgniter->run()
CRITICAL - 2023-11-09 00:05:19 --> syntax error, unexpected variable "$routes"
in APPPATH\Config\Routes.php on line 25.
 1 SYSTEMPATH\CodeIgniter.php(787): CodeIgniter\Router\RouteCollection->loadRoutes()
 2 SYSTEMPATH\CodeIgniter.php(442): CodeIgniter\CodeIgniter->tryToRouteIt(null)
 3 SYSTEMPATH\CodeIgniter.php(353): CodeIgniter\CodeIgniter->handleRequest(null, Object(Config\Cache), false)
 4 FCPATH\index.php(79): CodeIgniter\CodeIgniter->run()
CRITICAL - 2023-11-09 00:06:21 --> syntax error, unexpected variable "$routes"
in APPPATH\Config\Routes.php on line 25.
 1 SYSTEMPATH\CodeIgniter.php(787): CodeIgniter\Router\RouteCollection->loadRoutes()
 2 SYSTEMPATH\CodeIgniter.php(442): CodeIgniter\CodeIgniter->tryToRouteIt(null)
 3 SYSTEMPATH\CodeIgniter.php(353): CodeIgniter\CodeIgniter->handleRequest(null, Object(Config\Cache), false)
 4 FCPATH\index.php(79): CodeIgniter\CodeIgniter->run()
CRITICAL - 2023-11-09 00:08:11 --> syntax error, unexpected variable "$routes"
in APPPATH\Config\Routes.php on line 19.
 1 SYSTEMPATH\CodeIgniter.php(787): CodeIgniter\Router\RouteCollection->loadRoutes()
 2 SYSTEMPATH\CodeIgniter.php(442): CodeIgniter\CodeIgniter->tryToRouteIt(null)
 3 SYSTEMPATH\CodeIgniter.php(353): CodeIgniter\CodeIgniter->handleRequest(null, Object(Config\Cache), false)
 4 FCPATH\index.php(79): CodeIgniter\CodeIgniter->run()
CRITICAL - 2023-11-09 00:08:47 --> syntax error, unexpected variable "$routes"
in APPPATH\Config\Routes.php on line 19.
 1 SYSTEMPATH\CodeIgniter.php(787): CodeIgniter\Router\RouteCollection->loadRoutes()
 2 SYSTEMPATH\CodeIgniter.php(442): CodeIgniter\CodeIgniter->tryToRouteIt(null)
 3 SYSTEMPATH\CodeIgniter.php(353): CodeIgniter\CodeIgniter->handleRequest(null, Object(Config\Cache), false)
 4 FCPATH\index.php(79): CodeIgniter\CodeIgniter->run()
CRITICAL - 2023-11-09 00:44:10 --> "nteger" is not a valid rule.
in SYSTEMPATH\Validation\Validation.php on line 317.
 1 SYSTEMPATH\Validation\Validation.php(317): CodeIgniter\Validation\Exceptions\ValidationException::forRuleNotFound('nteger')
 2 SYSTEMPATH\Validation\Validation.php(195): CodeIgniter\Validation\Validation->processRules('categoria_id', 'categoria_id', '2', [...], [...])
 3 SYSTEMPATH\Controller.php(150): CodeIgniter\Validation\Validation->run()
 4 APPPATH\Controllers\producto_controller.php(86): CodeIgniter\Controller->validate([...])
 5 SYSTEMPATH\CodeIgniter.php(919): App\Controllers\Producto_controller->update('1')
 6 SYSTEMPATH\CodeIgniter.php(494): CodeIgniter\CodeIgniter->runController(Object(App\Controllers\Producto_controller))
 7 SYSTEMPATH\CodeIgniter.php(353): CodeIgniter\CodeIgniter->handleRequest(null, Object(Config\Cache), false)
 8 FCPATH\index.php(79): CodeIgniter\CodeIgniter->run()
